<?xml version="1.0" encoding="UTF-8"?>
<!-- Generated by org.testng.reporters.JUnitReportReporter -->
<testsuite hostname="Наташа-HP" name="com.example.tests.LoginAndSearch" tests="1" failures="0" timestamp="20 Feb 2016 15:34:06 GMT" time="70.088" errors="0">
  <testcase name="testSearch" time="70.088" classname="com.example.tests.LoginAndSearch"/>
</testsuite> <!-- com.example.tests.LoginAndSearch -->
